<?xml version="1.0" encoding="UTF-8"?>
<!-- Generated by org.testng.reporters.JUnitReportReporter -->
<testsuite hostname="DESKTOP-N236C5Q" failures="0" tests="1" name="IndexTest" time="2.554" errors="0" timestamp="2022-02-19T00:41:37 SGT" skipped="0">
  <testcase classname="IndexTest" name="checkId" time="2.554"/>
</testsuite> <!-- IndexTest -->
