<?xml version="1.0" encoding="UTF-8"?>
<!-- Generated by org.testng.reporters.JUnitReportReporter -->
<testsuite hostname="LAPTOP-SK2MSNJH" failures="0" tests="4" name="OrderTest" time="2.760" errors="0" timestamp="2022-02-21T21:46:52 GMT+08:00" skipped="0">
  <testcase classname="OrderTest" name="checklogin" time="1.079"/>
  <testcase classname="OrderTest" name="checkTitle" time="0.071"/>
  <testcase classname="OrderTest" name="checkoutProduct" time="1.002"/>
  <testcase classname="OrderTest" name="checkOrders" time="0.608"/>
</testsuite> <!-- OrderTest -->
