<?xml version="1.0" encoding="UTF-8"?>
<!-- Generated by org.testng.reporters.JUnitReportReporter -->
<testsuite hostname="yirous" failures="0" tests="10" name="com.sddevops.devopscrowdd.userTest" time="5.591" errors="0" timestamp="2022-02-23T18:22:05 SGT" skipped="0">
  <testcase classname="com.sddevops.devopscrowdd.userTest" name="checkWeb" time="0.393"/>
  <testcase classname="com.sddevops.devopscrowdd.userTest" name="checkReg" time="1.580"/>
  <testcase classname="com.sddevops.devopscrowdd.userTest" name="checkLogin" time="1.361"/>
  <testcase classname="com.sddevops.devopscrowdd.userTest" name="checkEditProfile" time="1.129"/>
  <testcase classname="com.sddevops.devopscrowdd.userTest" name="checkLogout" time="0.097"/>
  <testcase classname="com.sddevops.devopscrowdd.userTest" name="checkNewLogin" time="0.149"/>
  <testcase classname="com.sddevops.devopscrowdd.userTest" name="checkDeleteAcc" time="0.167"/>
  <testcase classname="com.sddevops.devopscrowdd.userTest" name="checkLoginAdmin" time="0.369"/>
  <testcase classname="com.sddevops.devopscrowdd.userTest" name="checkLogoutAdmin" time="0.077"/>
  <testcase classname="com.sddevops.devopscrowdd.userTest" name="checkRedirect" time="0.269"/>
</testsuite> <!-- com.sddevops.devopscrowdd.userTest -->
